[INFO] Scanning for projects...
[INFO] 
[INFO] --------------------< org.example:simple-rest-api >---------------------
[INFO] Building simple-rest-api 0.0.1-SNAPSHOT
[INFO]   from pom.xml
[INFO] --------------------------------[ jar ]---------------------------------
[INFO] 
[INFO] >>> spring-boot:3.5.3:run (default-cli) > test-compile @ simple-rest-api >>>
[INFO] 
[INFO] --- resources:3.3.1:resources (default-resources) @ simple-rest-api ---
[INFO] Copying 1 resource from src/main/resources to target/classes
[INFO] Copying 0 resource from src/main/resources to target/classes
[INFO] 
[INFO] --- compiler:3.14.0:compile (default-compile) @ simple-rest-api ---
[INFO] Recompiling the module because of changed source code.
[INFO] Compiling 19 source files with javac [debug parameters release 17] to target/classes
[INFO] 
[INFO] --- resources:3.3.1:testResources (default-testResources) @ simple-rest-api ---
[INFO] skip non existing resourceDirectory /home/jenny/springboot-projects/spring/simple-rest-api/src/test/resources
[INFO] 
[INFO] --- compiler:3.14.0:testCompile (default-testCompile) @ simple-rest-api ---
[INFO] Recompiling the module because of changed dependency.
[INFO] Compiling 1 source file with javac [debug parameters release 17] to target/test-classes
[INFO] 
[INFO] <<< spring-boot:3.5.3:run (default-cli) < test-compile @ simple-rest-api <<<
[INFO] 
[INFO] 
[INFO] --- spring-boot:3.5.3:run (default-cli) @ simple-rest-api ---
[INFO] Attaching agents: []

  .   ____          _            __ _ _
 /\\ / ___'_ __ _ _(_)_ __  __ _ \ \ \ \
( ( )\___ | '_ | '_| | '_ \/ _` | \ \ \ \
 \\/  ___)| |_)| | | | | || (_| |  ) ) ) )
  '  |____| .__|_| |_|_| |_\__, | / / / /
 =========|_|==============|___/=/_/_/_/

 :: Spring Boot ::                (v3.5.3)

2025-07-07T18:17:12.818+05:30  INFO 177585 --- [simple-rest-api] [           main] o.e.s.SimpleRestApiApplication           : Starting SimpleRestApiApplication using Java 21.0.6 with PID 177585 (/home/jenny/springboot-projects/spring/simple-rest-api/target/classes started by jenny in /home/jenny/springboot-projects/spring/simple-rest-api)
2025-07-07T18:17:12.820+05:30  INFO 177585 --- [simple-rest-api] [           main] o.e.s.SimpleRestApiApplication           : No active profile set, falling back to 1 default profile: "default"
2025-07-07T18:17:13.199+05:30  INFO 177585 --- [simple-rest-api] [           main] .s.d.r.c.RepositoryConfigurationDelegate : Bootstrapping Spring Data JPA repositories in DEFAULT mode.
2025-07-07T18:17:13.236+05:30  INFO 177585 --- [simple-rest-api] [           main] .s.d.r.c.RepositoryConfigurationDelegate : Finished Spring Data repository scanning in 32 ms. Found 5 JPA repository interfaces.
2025-07-07T18:17:13.489+05:30  INFO 177585 --- [simple-rest-api] [           main] o.s.b.w.embedded.tomcat.TomcatWebServer  : Tomcat initialized with port 8080 (http)
2025-07-07T18:17:13.498+05:30  INFO 177585 --- [simple-rest-api] [           main] o.apache.catalina.core.StandardService   : Starting service [Tomcat]
2025-07-07T18:17:13.498+05:30  INFO 177585 --- [simple-rest-api] [           main] o.apache.catalina.core.StandardEngine    : Starting Servlet engine: [Apache Tomcat/10.1.42]
2025-07-07T18:17:13.523+05:30  INFO 177585 --- [simple-rest-api] [           main] o.a.c.c.C.[Tomcat].[localhost].[/]       : Initializing Spring embedded WebApplicationContext
2025-07-07T18:17:13.524+05:30  INFO 177585 --- [simple-rest-api] [           main] w.s.c.ServletWebServerApplicationContext : Root WebApplicationContext: initialization completed in 677 ms
2025-07-07T18:17:13.627+05:30  INFO 177585 --- [simple-rest-api] [           main] o.hibernate.jpa.internal.util.LogHelper  : HHH000204: Processing PersistenceUnitInfo [name: default]
2025-07-07T18:17:13.652+05:30  INFO 177585 --- [simple-rest-api] [           main] org.hibernate.Version                    : HHH000412: Hibernate ORM core version 6.6.18.Final
2025-07-07T18:17:13.669+05:30  INFO 177585 --- [simple-rest-api] [           main] o.h.c.internal.RegionFactoryInitiator    : HHH000026: Second-level cache disabled
2025-07-07T18:17:13.830+05:30  INFO 177585 --- [simple-rest-api] [           main] o.s.o.j.p.SpringPersistenceUnitInfo      : No LoadTimeWeaver setup: ignoring JPA class transformer
2025-07-07T18:17:13.847+05:30  INFO 177585 --- [simple-rest-api] [           main] com.zaxxer.hikari.HikariDataSource       : HikariPool-1 - Starting...
2025-07-07T18:17:13.948+05:30  INFO 177585 --- [simple-rest-api] [           main] com.zaxxer.hikari.pool.HikariPool        : HikariPool-1 - Added connection com.mysql.cj.jdbc.ConnectionImpl@4bfa5eb9
2025-07-07T18:17:13.949+05:30  INFO 177585 --- [simple-rest-api] [           main] com.zaxxer.hikari.HikariDataSource       : HikariPool-1 - Start completed.
2025-07-07T18:17:13.974+05:30  WARN 177585 --- [simple-rest-api] [           main] org.hibernate.orm.deprecation            : HHH90000025: MySQL8Dialect does not need to be specified explicitly using 'hibernate.dialect' (remove the property setting and it will be selected by default)
2025-07-07T18:17:13.975+05:30  WARN 177585 --- [simple-rest-api] [           main] org.hibernate.orm.deprecation            : HHH90000026: MySQL8Dialect has been deprecated; use org.hibernate.dialect.MySQLDialect instead
2025-07-07T18:17:13.984+05:30  INFO 177585 --- [simple-rest-api] [           main] org.hibernate.orm.connections.pooling    : HHH10001005: Database info:
	Database JDBC URL [Connecting through datasource 'HikariDataSource (HikariPool-1)']
	Database driver: undefined/unknown
	Database version: 8.0
	Autocommit mode: undefined/unknown
	Isolation level: undefined/unknown
	Minimum pool size: undefined/unknown
	Maximum pool size: undefined/unknown
2025-07-07T18:17:14.541+05:30  INFO 177585 --- [simple-rest-api] [           main] o.h.e.t.j.p.i.JtaPlatformInitiator       : HHH000489: No JTA platform available (set 'hibernate.transaction.jta.platform' to enable JTA platform integration)
2025-07-07T18:17:14.592+05:30  INFO 177585 --- [simple-rest-api] [           main] j.LocalContainerEntityManagerFactoryBean : Initialized JPA EntityManagerFactory for persistence unit 'default'
2025-07-07T18:17:14.780+05:30  INFO 177585 --- [simple-rest-api] [           main] o.s.d.j.r.query.QueryEnhancerFactory     : Hibernate is in classpath; If applicable, HQL parser will be used.
2025-07-07T18:17:15.136+05:30  WARN 177585 --- [simple-rest-api] [           main] JpaBaseConfiguration$JpaWebConfiguration : spring.jpa.open-in-view is enabled by default. Therefore, database queries may be performed during view rendering. Explicitly configure spring.jpa.open-in-view to disable this warning
2025-07-07T18:17:15.350+05:30  INFO 177585 --- [simple-rest-api] [           main] o.s.b.w.embedded.tomcat.TomcatWebServer  : Tomcat started on port 8080 (http) with context path '/'
2025-07-07T18:17:15.356+05:30  INFO 177585 --- [simple-rest-api] [           main] o.e.s.SimpleRestApiApplication           : Started SimpleRestApiApplication in 2.815 seconds (process running for 2.988)
2025-07-07T18:17:27.547+05:30  INFO 177585 --- [simple-rest-api] [nio-8080-exec-1] o.a.c.c.C.[Tomcat].[localhost].[/]       : Initializing Spring DispatcherServlet 'dispatcherServlet'
2025-07-07T18:17:27.547+05:30  INFO 177585 --- [simple-rest-api] [nio-8080-exec-1] o.s.web.servlet.DispatcherServlet        : Initializing Servlet 'dispatcherServlet'
2025-07-07T18:17:27.547+05:30  INFO 177585 --- [simple-rest-api] [nio-8080-exec-1] o.s.web.servlet.DispatcherServlet        : Completed initialization in 0 ms
Hibernate: 
    select
        u1_0.id,
        u1_0.age,
        u1_0.email,
        u1_0.name 
    from
        users u1_0
Hibernate: 
    select
        e1_0.network_id,
        e1_0.active,
        e1_0.country,
        e1_0.email,
        e1_0.first_name,
        e1_0.last_name,
        e1_0.position,
        es1_0.network_id,
        es1_0.status_id,
        es1_0.date,
        es1_0.status_type,
        es1_0.timestamp 
    from
        employee_dim e1_0 
    left join
        employee_status_fact es1_0 
            on e1_0.network_id=es1_0.network_id 
    where
        e1_0.network_id=?
Hibernate: 
    insert 
    into
        employee_dim
        (active, country, email, first_name, last_name, position, network_id) 
    values
        (?, ?, ?, ?, ?, ?, ?)
Hibernate: 
    select
        e1_0.network_id,
        e1_0.active,
        e1_0.country,
        e1_0.email,
        e1_0.first_name,
        e1_0.last_name,
        e1_0.position 
    from
        employee_dim e1_0 
    where
        e1_0.network_id=?
Hibernate: 
    select
        st1_0.shift_id,
        st1_0.shift_code,
        st1_0.shift_end_time,
        st1_0.shift_name,
        st1_0.shift_start_time,
        st1_0.shift_time_zone 
    from
        shift_type_dim st1_0 
    where
        st1_0.shift_id=?
Hibernate: 
    select
        sa1_0.assignment_id,
        sa1_0.assignment_date,
        sa1_0.created_date_time,
        sa1_0.network_id,
        sa1_0.shift_id 
    from
        shift_assignment_fact sa1_0
2025-07-07T18:19:25.834+05:30  INFO 177585 --- [simple-rest-api] [ionShutdownHook] o.s.b.w.e.tomcat.GracefulShutdown        : Commencing graceful shutdown. Waiting for active requests to complete
2025-07-07T18:19:25.836+05:30  INFO 177585 --- [simple-rest-api] [tomcat-shutdown] o.s.b.w.e.tomcat.GracefulShutdown        : Graceful shutdown complete
2025-07-07T18:19:25.838+05:30  INFO 177585 --- [simple-rest-api] [ionShutdownHook] j.LocalContainerEntityManagerFactoryBean : Closing JPA EntityManagerFactory for persistence unit 'default'
2025-07-07T18:19:25.839+05:30  INFO 177585 --- [simple-rest-api] [ionShutdownHook] com.zaxxer.hikari.HikariDataSource       : HikariPool-1 - Shutdown initiated...
2025-07-07T18:19:25.843+05:30  INFO 177585 --- [simple-rest-api] [ionShutdownHook] com.zaxxer.hikari.HikariDataSource       : HikariPool-1 - Shutdown completed.
